%!Adobe-FontList 1.14
%Locale:0x419

%BeginFont
Handler:DirectoryHandler
FontType:Type1
FontName:Intro
FamilyName:Intro 
StyleName:Regular
MenuName:Intro 
StyleBits:0
WeightClass:400
WidthClass:5
AngleClass:0
FullName:Intro 
FamilyNameNative:
StyleNameNative:Regular
FullNameNative:
WritingScript:Cyrillic
OutlineFileName:\Intro.otf
DataFormat:sfntData
UsesStandardEncoding:yes
isCFF:yes
FileLength:22172
FileModTime:1329774226
%EndFont

%BeginFont
Handler:DirectoryHandler
FontType:Type1
FontName:MinionPro-Regular
FamilyName:Minion Pro
StyleName:Regular
MenuName:Minion Pro
StyleBits:0
WeightClass:400
WidthClass:5
AngleClass:0
FullName:Minion Pro
WritingScript:Roman
OutlineFileName:\MinionPro-Regular.otf
DataFormat:sfntData
UsesStandardEncoding:yes
isCFF:yes
FileLength:218640
FileModTime:1377264567
DesignSize:110
%EndFont

%BeginFont
Handler:DirectoryHandler
FontType:TrueType
FontName:PFAgoraSlabPro-Regular
FamilyName:PF Agora Slab Pro
StyleName:Regular
MenuName:PF Agora Slab Pro
StyleBits:0
WeightClass:400
WidthClass:5
AngleClass:0
FullName:PFAgoraSlabPro-Regular
WritingScript:Roman
OutlineFileName:\PFAgoraSlabPro-Reg.ttf
DataFormat:sfntData
FileLength:669808
FileModTime:1295273175
%EndFont

%BeginFont
Handler:DirectoryHandler
FontType:TrueType
FontName:PFDinTextCompPro-Regular
FamilyName:PF Din Text Comp Pro
StyleName:Regular
MenuName:PF Din Text Comp Pro
StyleBits:0
WeightClass:400
WidthClass:5
AngleClass:0
FullName:PFDinTextCompPro-Regular
WritingScript:Roman
OutlineFileName:\PFDinTextCompPro-Regular.ttf
DataFormat:sfntData
FileLength:443684
FileModTime:1295273171
%EndFont

%BeginFont
Handler:DirectoryHandler
FontType:TrueType
FontName:PFDinTextCompPro-Thin
FamilyName:PF Din Text Comp Pro
StyleName:Thin
MenuName:PF Din Text Comp Pro Thin
StyleBits:0
WeightClass:200
WidthClass:5
AngleClass:0
FullName:PFDinTextCompPro-Thin
WritingScript:Roman
OutlineFileName:\PFDinTextCompPro-Thin.ttf
DataFormat:sfntData
FileLength:496048
FileModTime:1295273175
%EndFont

%BeginFont
Handler:DirectoryHandler
FontType:TrueType
FontName:PTSans-Regular
FamilyName:PT Sans
StyleName:Regular
MenuName:PT Sans
StyleBits:0
WeightClass:400
WidthClass:5
AngleClass:0
FullName:PT Sans
WritingScript:Roman
OutlineFileName:\PTSans.ttc
TTCOffset:56
DataFormat:sfntData
FileLength:2763792
FileModTime:1348038655
%EndFont

%BeginFont
Handler:DirectoryHandler
FontType:TrueType
FontName:PTSans-Italic
FamilyName:PT Sans
StyleName:Italic
MenuName:PT Sans
StyleBits:1
WeightClass:400
WidthClass:5
AngleClass:1
FullName:PT Sans Italic
WritingScript:Roman
OutlineFileName:\PTSans.ttc
TTCOffset:372
DataFormat:sfntData
FileLength:2763792
FileModTime:1348038655
%EndFont

%BeginFont
Handler:DirectoryHandler
FontType:TrueType
FontName:PTSans-Bold
FamilyName:PT Sans
StyleName:Bold
MenuName:PT Sans
StyleBits:2
WeightClass:700
WidthClass:5
AngleClass:0
FullName:PT Sans Bold
WritingScript:Roman
OutlineFileName:\PTSans.ttc
TTCOffset:688
DataFormat:sfntData
FileLength:2763792
FileModTime:1348038655
%EndFont

%BeginFont
Handler:DirectoryHandler
FontType:TrueType
FontName:PTSans-BoldItalic
FamilyName:PT Sans
StyleName:Bold Italic
MenuName:PT Sans
StyleBits:3
WeightClass:700
WidthClass:5
AngleClass:1
FullName:PT Sans Bold Italic
WritingScript:Roman
OutlineFileName:\PTSans.ttc
TTCOffset:1004
DataFormat:sfntData
FileLength:2763792
FileModTime:1348038655
%EndFont

%BeginFont
Handler:DirectoryHandler
FontType:TrueType
FontName:PTSans-Caption
FamilyName:PT Sans Caption
StyleName:Regular
MenuName:PT Sans Caption
StyleBits:0
WeightClass:400
WidthClass:5
AngleClass:0
FullName:PT Sans Caption
WritingScript:Roman
OutlineFileName:\PTSans.ttc
TTCOffset:1320
DataFormat:sfntData
FileLength:2763792
FileModTime:1348038655
%EndFont

%BeginFont
Handler:DirectoryHandler
FontType:TrueType
FontName:PTSans-CaptionBold
FamilyName:PT Sans Caption
StyleName:Bold
MenuName:PT Sans Caption
StyleBits:2
WeightClass:700
WidthClass:5
AngleClass:0
FullName:PT Sans Caption Bold
WritingScript:Roman
OutlineFileName:\PTSans.ttc
TTCOffset:1636
DataFormat:sfntData
FileLength:2763792
FileModTime:1348038655
%EndFont

%BeginFont
Handler:DirectoryHandler
FontType:TrueType
FontName:PTSans-Narrow
FamilyName:PT Sans Narrow
StyleName:Regular
MenuName:PT Sans Narrow
StyleBits:0
WeightClass:400
WidthClass:3
AngleClass:0
FullName:PT Sans Narrow
WritingScript:Roman
OutlineFileName:\PTSans.ttc
TTCOffset:1952
DataFormat:sfntData
FileLength:2763792
FileModTime:1348038655
%EndFont

%BeginFont
Handler:DirectoryHandler
FontType:TrueType
FontName:PTSans-NarrowBold
FamilyName:PT Sans Narrow
StyleName:Bold
MenuName:PT Sans Narrow
StyleBits:2
WeightClass:700
WidthClass:3
AngleClass:0
FullName:PT Sans Narrow Bold
WritingScript:Roman
OutlineFileName:\PTSans.ttc
TTCOffset:2268
DataFormat:sfntData
FileLength:2763792
FileModTime:1348038655
%EndFont

